RapeToLive Crash Dump Fri Oct 13 20:38:01 +06 2017

Error: Declaration of MysUFarm\Farm\CocoaBeanBlock::canBeActivated() must be compatible with pocketmine\block\Block::canBeActivated(): bool
File: /plugins/MysuFarm/src/MysUFarm/Farm(8) : eval()'d code(2) : eval()'d code(1) : eval()'d code(1) : eval()'d code(1) : eval()'d code(1) : eval()'d code(1) : eval()'d code(1) : eval()'d code(1) : eval()'d code
Line: 1
Type: E_COMPILE_ERROR

Code:
[1] 
[2] 
[3] 
[4] 
[5] 
[6] 
[7] 
[8] 
[9] 
[10] 
[11] 

Backtrace:
#0 (): pocketmine\Server->crashDump(boolean)

RapeToLive version: 0000000000000000000000000000000000000000 [Protocol 113; API 3.0.1]
uname -a: Windows NT WIN-HQ53TBM33EP 6.1 build 7601 (Windows Server 2008 R2 Enterprise Edition Service Pack 1) AMD64
PHP version: 7.0.18
Zend version: 3.0.0
OS : WINNT, win

Server uptime: 1 seconds
Number of loaded worlds: 0
Players online: 0/20

Loaded plugins:
